warning: Git tree '/home/binker/nix-config' is dirty
building the system configuration...
warning: Git tree '/home/binker/nix-config' is dirty
these 7 derivations will be built:
  /nix/store/9xfnfmm9yjrnq8q9lyflppvh5r3lql8f-hm_homebinker.zshrc.drv
  /nix/store/sy144lnv9rcdpqznw6a6bif1zjmf9bx0-home-manager-files.drv
  /nix/store/8w2966c35iccj8gj55sc2ha5r7c329sc-home-manager-generation.drv
  /nix/store/0042jjs7q7f8fgylbkvzhdvz2zbgjlkc-unit-home-manager-binker.service.drv
  /nix/store/m9ik0d7gnc8awzr3lip362z9an69czfc-system-units.drv
  /nix/store/zffxfb24v0fgada98f3pzyy4j3d94bfq-etc.drv
  /nix/store/hb00sfa4y9z1ifdljrnnn4wsfgl9095q-nixos-system-lumen-01-26.05.20251130.2d293cb.drv
building '/nix/store/9xfnfmm9yjrnq8q9lyflppvh5r3lql8f-hm_homebinker.zshrc.drv'...
building '/nix/store/sy144lnv9rcdpqznw6a6bif1zjmf9bx0-home-manager-files.drv'...
building '/nix/store/8w2966c35iccj8gj55sc2ha5r7c329sc-home-manager-generation.drv'...
building '/nix/store/0042jjs7q7f8fgylbkvzhdvz2zbgjlkc-unit-home-manager-binker.service.drv'...
building '/nix/store/m9ik0d7gnc8awzr3lip362z9an69czfc-system-units.drv'...
building '/nix/store/zffxfb24v0fgada98f3pzyy4j3d94bfq-etc.drv'...
building '/nix/store/hb00sfa4y9z1ifdljrnnn4wsfgl9095q-nixos-system-lumen-01-26.05.20251130.2d293cb.drv'...
activating the configuration...
setting up /etc...
reloading user units for binker...
restarting sysinit-reactivation.target
the following new units were started: NetworkManager-dispatcher.service
Done. The new configuration is /nix/store/l8z157615skzmy9mficjz8nh3cax7fwd-nixos-system-lumen-01-26.05.20251130.2d293cb
